Determining if the pthread_create exist failed with the following output:
Change Dir: /home/venkat/n.adurthi@gmail.com/repos/computervision/pcl-examples/pclvisualizer/build/CMakeFiles/CMakeTmp

Run Build Command:"/usr/bin/make" "cmTC_21a1c/fast"
/usr/bin/make -f CMakeFiles/cmTC_21a1c.dir/build.make CMakeFiles/cmTC_21a1c.dir/build
make[1]: Entering directory '/home/venkat/n.adurthi@gmail.com/repos/computervision/pcl-examples/pclvisualizer/build/CMakeFiles/CMakeTmp'
Building C object CMakeFiles/cmTC_21a1c.dir/CheckSymbolExists.c.o
/usr/bin/cc     -o CMakeFiles/cmTC_21a1c.dir/CheckSymbolExists.c.o   -c /home/venkat/n.adurthi@gmail.com/repos/computervision/pcl-examples/pclvisualizer/build/CMakeFiles/CMakeTmp/CheckSymbolExists.c
Linking C executable cmTC_21a1c
/usr/bin/cmake -E cmake_link_script CMakeFiles/cmTC_21a1c.dir/link.txt --verbose=1
/usr/bin/cc       CMakeFiles/cmTC_21a1c.dir/CheckSymbolExists.c.o  -o cmTC_21a1c -rdynamic 
CMakeFiles/cmTC_21a1c.dir/CheckSymbolExists.c.o: In function `main':
CheckSymbolExists.c:(.text+0x16): undefined reference to `pthread_create'
collect2: error: ld returned 1 exit status
CMakeFiles/cmTC_21a1c.dir/build.make:97: recipe for target 'cmTC_21a1c' failed
make[1]: *** [cmTC_21a1c] Error 1
make[1]: Leaving directory '/home/venkat/n.adurthi@gmail.com/repos/computervision/pcl-examples/pclvisualizer/build/CMakeFiles/CMakeTmp'
Makefile:126: recipe for target 'cmTC_21a1c/fast' failed
make: *** [cmTC_21a1c/fast] Error 2

File /home/venkat/n.adurthi@gmail.com/repos/computervision/pcl-examples/pclvisualizer/build/CMakeFiles/CMakeTmp/CheckSymbolExists.c:
/* */
#include <pthread.h>

int main(int argc, char** argv)
{
  (void)argv;
#ifndef pthread_create
  return ((int*)(&pthread_create))[argc];
#else
  (void)argc;
  return 0;
#endif
}

Determining if the function pthread_create exists in the pthreads failed with the following output:
Change Dir: /home/venkat/n.adurthi@gmail.com/repos/computervision/pcl-examples/pclvisualizer/build/CMakeFiles/CMakeTmp

Run Build Command:"/usr/bin/make" "cmTC_10594/fast"
/usr/bin/make -f CMakeFiles/cmTC_10594.dir/build.make CMakeFiles/cmTC_10594.dir/build
make[1]: Entering directory '/home/venkat/n.adurthi@gmail.com/repos/computervision/pcl-examples/pclvisualizer/build/CMakeFiles/CMakeTmp'
Building C object CMakeFiles/cmTC_10594.dir/CheckFunctionExists.c.o
/usr/bin/cc    -DCHECK_FUNCTION_EXISTS=pthread_create   -o CMakeFiles/cmTC_10594.dir/CheckFunctionExists.c.o   -c /usr/share/cmake-3.5/Modules/CheckFunctionExists.c
Linking C executable cmTC_10594
/usr/bin/cmake -E cmake_link_script CMakeFiles/cmTC_10594.dir/link.txt --verbose=1
/usr/bin/cc   -DCHECK_FUNCTION_EXISTS=pthread_create    CMakeFiles/cmTC_10594.dir/CheckFunctionExists.c.o  -o cmTC_10594 -rdynamic -lpthreads 
/usr/bin/ld: cannot find -lpthreads
collect2: error: ld returned 1 exit status
CMakeFiles/cmTC_10594.dir/build.make:97: recipe for target 'cmTC_10594' failed
make[1]: *** [cmTC_10594] Error 1
make[1]: Leaving directory '/home/venkat/n.adurthi@gmail.com/repos/computervision/pcl-examples/pclvisualizer/build/CMakeFiles/CMakeTmp'
Makefile:126: recipe for target 'cmTC_10594/fast' failed
make: *** [cmTC_10594/fast] Error 2


